Ufind/app/build/intermediates/manifest_merge_blame_file/debug/manifest-merger-blame-debug-report.txt
1<?xml version="1.0" encoding="utf-8"?>
2<manifest xmlns:android="http://schemas.android.com/apk/res/android"
3    package="com.example.ufind"
4    android:versionCode="1"
5    android:versionName="1.0" >
6
7    <uses-sdk
8        android:minSdkVersion="24"
8-->src/main/AndroidManifest.xml
9        android:targetSdkVersion="33" />
9-->src/main/AndroidManifest.xml
10
11    <!-- Include required permissions for Google Maps API to run. -->
12    <uses-permission android:name="android.permission.ACCESS_NETWORK_STATE" />
12-->[com.google.android.gms:play-services-maps:18.0.2] AndroidManifest.xml:23:5-79
12-->[com.google.android.gms:play-services-maps:18.0.2] AndroidManifest.xml:23:22-76
13    <uses-permission android:name="android.permission.INTERNET" />
13-->[com.google.android.gms:play-services-maps:18.0.2] AndroidManifest.xml:24:5-67
13-->[com.google.android.gms:play-services-maps:18.0.2] AndroidManifest.xml:24:22-64
14
15    <uses-feature
15-->[com.google.android.gms:play-services-maps:18.0.2] AndroidManifest.xml:26:5-28:35
16        android:glEsVersion="0x00020000"
16-->[com.google.android.gms:play-services-maps:18.0.2] AndroidManifest.xml:27:9-41
17        android:required="true" />
17-->[com.google.android.gms:play-services-maps:18.0.2] AndroidManifest.xml:28:9-32
18
19    <queries>
19-->[com.google.android.gms:play-services-maps:18.0.2] AndroidManifest.xml:30:5-34:15
20
21        <!-- Needs to be explicitly declared on Android R+ -->
22        <package android:name="com.google.android.apps.maps" />
22-->[com.google.android.gms:play-services-maps:18.0.2] AndroidManifest.xml:33:9-64
22-->[com.google.android.gms:play-services-maps:18.0.2] AndroidManifest.xml:33:18-61
23    </queries>
24
25    <permission
25-->[androidx.core:core:1.9.0] AndroidManifest.xml:22:5-24:47
26        android:name="com.example.ufind.DYNAMIC_RECEIVER_NOT_EXPORTED_PERMISSION"
26-->[androidx.core:core:1.9.0] AndroidManifest.xml:23:9-81
27        android:protectionLevel="signature" />
27-->[androidx.core:core:1.9.0] AndroidManifest.xml:24:9-44
28
29    <uses-permission android:name="com.example.ufind.DYNAMIC_RECEIVER_NOT_EXPORTED_PERMISSION" />
29-->[androidx.core:core:1.9.0] AndroidManifest.xml:26:5-97
29-->[androidx.core:core:1.9.0] AndroidManifest.xml:26:22-94
30
31    <application
31-->src/main/AndroidManifest.xml:5:5-26:19
32        android:allowBackup="true"
32-->src/main/AndroidManifest.xml:6:9-35
33        android:appComponentFactory="androidx.core.app.CoreComponentFactory"
33-->[androidx.core:core:1.9.0] AndroidManifest.xml:28:18-86
34        android:dataExtractionRules="@xml/data_extraction_rules"
34-->src/main/AndroidManifest.xml:7:9-65
35        android:debuggable="true"
36        android:extractNativeLibs="false"
37        android:fullBackupContent="@xml/backup_rules"
37-->src/main/AndroidManifest.xml:8:9-54
38        android:icon="@mipmap/ic_launcher"
38-->src/main/AndroidManifest.xml:9:9-43
39        android:label="@string/app_name"
39-->src/main/AndroidManifest.xml:10:9-41
40        android:roundIcon="@mipmap/ic_launcher_round"
40-->src/main/AndroidManifest.xml:11:9-54
41        android:supportsRtl="true"
41-->src/main/AndroidManifest.xml:12:9-35
42        android:theme="@style/Theme.Ufind" >
42-->src/main/AndroidManifest.xml:13:9-43
43        <activity
43-->src/main/AndroidManifest.xml:15:9-25:20
44            android:name="com.example.ufind.MainActivity"
44-->src/main/AndroidManifest.xml:16:13-41
45            android:exported="true"
45-->src/main/AndroidManifest.xml:17:13-36
46            android:label="@string/app_name"
46-->src/main/AndroidManifest.xml:18:13-45
47            android:theme="@style/Theme.Ufind" >
47-->src/main/AndroidManifest.xml:19:13-47
48            <intent-filter>
48-->src/main/AndroidManifest.xml:20:13-24:29
49                <action android:name="android.intent.action.MAIN" />
49-->src/main/AndroidManifest.xml:21:17-69
49-->src/main/AndroidManifest.xml:21:25-66
50
51                <category android:name="android.intent.category.LAUNCHER" />
51-->src/main/AndroidManifest.xml:23:17-77
51-->src/main/AndroidManifest.xml:23:27-74
52            </intent-filter>
53        </activity>
54        <!-- Needs to be explicitly declared on P+ -->
55        <uses-library
55-->[com.google.android.gms:play-services-maps:18.0.2] AndroidManifest.xml:39:9-41:40
56            android:name="org.apache.http.legacy"
56-->[com.google.android.gms:play-services-maps:18.0.2] AndroidManifest.xml:40:13-50
57            android:required="false" />
57-->[com.google.android.gms:play-services-maps:18.0.2] AndroidManifest.xml:41:13-37
58
59        <activity
59-->[com.google.android.gms:play-services-base:18.0.1] AndroidManifest.xml:20:9-22:45
60            android:name="com.google.android.gms.common.api.GoogleApiActivity"
60-->[com.google.android.gms:play-services-base:18.0.1] AndroidManifest.xml:20:19-85
61            android:exported="false"
61-->[com.google.android.gms:play-services-base:18.0.1] AndroidManifest.xml:22:19-43
62            android:theme="@android:style/Theme.Translucent.NoTitleBar" />
62-->[com.google.android.gms:play-services-base:18.0.1] AndroidManifest.xml:21:19-78
63
64        <meta-data
64-->[com.google.android.gms:play-services-basement:18.0.0] AndroidManifest.xml:21:9-23:69
65            android:name="com.google.android.gms.version"
65-->[com.google.android.gms:play-services-basement:18.0.0] AndroidManifest.xml:22:13-58
66            android:value="@integer/google_play_services_version" />
66-->[com.google.android.gms:play-services-basement:18.0.0] AndroidManifest.xml:23:13-66
67
68        <activity
68-->[androidx.compose.ui:ui-test-manifest:1.4.3] AndroidManifest.xml:23:9-25:39
69            android:name="androidx.activity.ComponentActivity"
69-->[androidx.compose.ui:ui-test-manifest:1.4.3] AndroidManifest.xml:24:13-63
70            android:exported="true" />
70-->[androidx.compose.ui:ui-test-manifest:1.4.3] AndroidManifest.xml:25:13-36
71
72        <provider
72-->[androidx.emoji2:emoji2:1.3.0] AndroidManifest.xml:24:9-32:20
73            android:name="androidx.startup.InitializationProvider"
73-->[androidx.emoji2:emoji2:1.3.0] AndroidManifest.xml:25:13-67
74            android:authorities="com.example.ufind.androidx-startup"
74-->[androidx.emoji2:emoji2:1.3.0] AndroidManifest.xml:26:13-68
75            android:exported="false" >
75-->[androidx.emoji2:emoji2:1.3.0] AndroidManifest.xml:27:13-37
76            <meta-data
76-->[androidx.emoji2:emoji2:1.3.0] AndroidManifest.xml:29:13-31:52
77                android:name="androidx.emoji2.text.EmojiCompatInitializer"
77-->[androidx.emoji2:emoji2:1.3.0] AndroidManifest.xml:30:17-75
78                android:value="androidx.startup" />
78-->[androidx.emoji2:emoji2:1.3.0] AndroidManifest.xml:31:17-49
79            <meta-data
79-->[androidx.lifecycle:lifecycle-process:2.6.1] AndroidManifest.xml:29:13-31:52
80                android:name="androidx.lifecycle.ProcessLifecycleInitializer"
80-->[androidx.lifecycle:lifecycle-process:2.6.1] AndroidManifest.xml:30:17-78
81                android:value="androidx.startup" />
81-->[androidx.lifecycle:lifecycle-process:2.6.1] AndroidManifest.xml:31:17-49
82            <meta-data
82-->[androidx.profileinstaller:profileinstaller:1.3.0] AndroidManifest.xml:29:13-31:52
83                android:name="androidx.profileinstaller.ProfileInstallerInitializer"
83-->[androidx.profileinstaller:profileinstaller:1.3.0] AndroidManifest.xml:30:17-85
84                android:value="androidx.startup" />
84-->[androidx.profileinstaller:profileinstaller:1.3.0] AndroidManifest.xml:31:17-49
85        </provider>
86
87        <activity
87-->[androidx.compose.ui:ui-tooling:1.4.3] AndroidManifest.xml:23:9-25:39
88            android:name="androidx.compose.ui.tooling.PreviewActivity"
88-->[androidx.compose.ui:ui-tooling:1.4.3] AndroidManifest.xml:24:13-71
89            android:exported="true" />
89-->[androidx.compose.ui:ui-tooling:1.4.3] AndroidManifest.xml:25:13-36
90
91        <receiver
91-->[androidx.profileinstaller:profileinstaller:1.3.0] AndroidManifest.xml:34:9-52:20
92            android:name="androidx.profileinstaller.ProfileInstallReceiver"
92-->[androidx.profileinstaller:profileinstaller:1.3.0] AndroidManifest.xml:35:13-76
93            android:directBootAware="false"
93-->[androidx.profileinstaller:profileinstaller:1.3.0] AndroidManifest.xml:36:13-44
94            android:enabled="true"
94-->[androidx.profileinstaller:profileinstaller:1.3.0] AndroidManifest.xml:37:13-35
95            android:exported="true"
95-->[androidx.profileinstaller:profileinstaller:1.3.0] AndroidManifest.xml:38:13-36
96            android:permission="android.permission.DUMP" >
96-->[androidx.profileinstaller:profileinstaller:1.3.0] AndroidManifest.xml:39:13-57
97            <intent-filter>
97-->[androidx.profileinstaller:profileinstaller:1.3.0] AndroidManifest.xml:40:13-42:29
98                <action android:name="androidx.profileinstaller.action.INSTALL_PROFILE" />
98-->[androidx.profileinstaller:profileinstaller:1.3.0] AndroidManifest.xml:41:17-91
98-->[androidx.profileinstaller:profileinstaller:1.3.0] AndroidManifest.xml:41:25-88
99            </intent-filter>
100            <intent-filter>
100-->[androidx.profileinstaller:profileinstaller:1.3.0] AndroidManifest.xml:43:13-45:29
101                <action android:name="androidx.profileinstaller.action.SKIP_FILE" />
101-->[androidx.profileinstaller:profileinstaller:1.3.0] AndroidManifest.xml:44:17-85
101-->[androidx.profileinstaller:profileinstaller:1.3.0] AndroidManifest.xml:44:25-82
102            </intent-filter>
103            <intent-filter>
103-->[androidx.profileinstaller:profileinstaller:1.3.0] AndroidManifest.xml:46:13-48:29
104                <action android:name="androidx.profileinstaller.action.SAVE_PROFILE" />
104-->[androidx.profileinstaller:profileinstaller:1.3.0] AndroidManifest.xml:47:17-88
104-->[androidx.profileinstaller:profileinstaller:1.3.0] AndroidManifest.xml:47:25-85
105            </intent-filter>
106            <intent-filter>
106-->[androidx.profileinstaller:profileinstaller:1.3.0] AndroidManifest.xml:49:13-51:29
107                <action android:name="androidx.profileinstaller.action.BENCHMARK_OPERATION" />
107-->[androidx.profileinstaller:profileinstaller:1.3.0] AndroidManifest.xml:50:17-95
107-->[androidx.profileinstaller:profileinstaller:1.3.0] AndroidManifest.xml:50:25-92
108            </intent-filter>
109        </receiver>
110    </application>
111
112</manifest>